<?xml version="1.0" encoding="UTF-8"?>
<!-- Generated by org.testng.reporters.JUnitXMLReporter -->
<testsuite hostname="LAPTOP-31B2K48K" ignored="5" tests="0" failures="0" timestamp="30 Jun 2019 06:09:27 GMT" time="0.004" errors="0">
  <testcase name="setUp1" time="0.0" classname="seleniumtest.TestngGroupTest">
    <ignored/>
  </testcase> <!-- setUp1 -->
  <testcase name="setUp3" time="0.0" classname="seleniumtest.TestngGroupTest">
    <ignored/>
  </testcase> <!-- setUp3 -->
  <testcase name="setUp2" time="0.0" classname="seleniumtest.TestngGroupTest">
    <ignored/>
  </testcase> <!-- setUp2 -->
  <testcase name="setUp5" time="0.0" classname="seleniumtest.TestngGroupTest">
    <ignored/>
  </testcase> <!-- setUp5 -->
  <testcase name="setUp4" time="0.0" classname="seleniumtest.TestngGroupTest">
    <ignored/>
  </testcase> <!-- setUp4 -->
</testsuite>
